<?xml version="1.0" encoding="UTF-8"?>
<testng-results skipped="0" failed="0" total="1" passed="1">
  <reporter-output>
  </reporter-output>
  <suite name="Default suite" duration-ms="30086" started-at="2020-02-29T09:39:36Z" finished-at="2020-02-29T09:40:06Z">
    <groups>
    </groups>
    <test name="Default test" duration-ms="30086" started-at="2020-02-29T09:39:36Z" finished-at="2020-02-29T09:40:06Z">
      <class name="TestCases.Regression.Regression">
        <test-method status="PASS" signature="tc_01()[pri:0, instance:TestCases.Regression.Regression@52d455b8]" name="tc_01" duration-ms="30053" started-at="2020-02-29T15:09:36Z" finished-at="2020-02-29T15:10:06Z">
          <reporter-output>
          </reporter-output>
        </test-method> <!-- tc_01 -->
      </class> <!-- TestCases.Regression.Regression -->
    </test> <!-- Default test -->
  </suite> <!-- Default suite -->
</testng-results>
